<?xml version="1.0" encoding="UTF-8"?>
<testsuite name="PowerFinderTest" tests="1" skipped="0" failures="0" errors="0" timestamp="2022-03-12T06:06:40" hostname="SAJEEV-SANJAI" time="0.004">
  <properties/>
  <testcase name="twoRaisedToOneIsTwo" classname="PowerFinderTest" time="0.004"/>
  <system-out><![CDATA[]]></system-out>
  <system-err><![CDATA[]]></system-err>
</testsuite>
